2026-02-12T17:55:33.766 [WARN] [tid=0x1f807e240] [default] [/Users/andrejvysny/andrejvysny/OneCAD/src/app/Logging.cpp:287] [static bool onecad::app::Logging::initialize(const QString &, bool)] Failed to open log file: /Users/andrejvysny/Library/Application Support/OneCAD/OneCAD/logs/onecad_20260212_175533_765_61988.log
2026-02-12T17:55:33.766 [INFO] [tid=0x1f807e240] [default] [/Users/andrejvysny/andrejvysny/OneCAD/src/app/Logging.cpp:290] [static bool onecad::app::Logging::initialize(const QString &, bool)] Logging initialized logFile= /Users/andrejvysny/andrejvysny/OneCAD/logs/onecad_20260212_175533_765_61988.log logDir= /Users/andrejvysny/andrejvysny/OneCAD/logs debugBuild= true debugLogsEnabled= true
2026-02-12T17:55:33.771 [INFO] [tid=0x1f807e240] [default] [/Users/andrejvysny/andrejvysny/OneCAD/src/app/Logging.cpp:302] [static bool onecad::app::Logging::initialize(const QString &, bool)] Log retention applied days= 30 maxFiles= 30
2026-02-12T17:55:33.771 [INFO] [tid=0x1f807e240] [onecad.main] [/Users/andrejvysny/andrejvysny/OneCAD/src/main.cpp:165] [int main(int, char **)] Application startup initiated argc= 1 debugBuild= true
2026-02-12T17:55:33.771 [DEBUG] [tid=0x1f807e240] [onecad.main] [/Users/andrejvysny/andrejvysny/OneCAD/src/main.cpp:180] [int main(int, char **)] OpenGL default format configured version= 4 . 1 profile= QSurfaceFormat::CoreProfile samples= 4 depthBufferSize= 24 stencilBufferSize= 8
2026-02-12T17:55:33.780 [DEBUG] [tid=0x1f807e240] [onecad.main] [/Users/andrejvysny/andrejvysny/OneCAD/src/main.cpp:197] [int main(int, char **)] UI event debug logger disabled
2026-02-12T17:55:33.780 [INFO] [tid=0x1f807e240] [onecad.main] [/Users/andrejvysny/andrejvysny/OneCAD/src/main.cpp:200] [int main(int, char **)] QApplication created applicationDirPath= "/Users/andrejvysny/andrejvysny/OneCAD/build/OneCAD.app/Contents/MacOS" logFilePath= "/Users/andrejvysny/andrejvysny/OneCAD/logs/onecad_20260212_175533_765_61988.log"
2026-02-12T17:55:33.780 [INFO] [tid=0x1f807e240] [onecad.app] [/Users/andrejvysny/andrejvysny/OneCAD/src/app/Application.cpp:31] [bool onecad::app::Application::initialize()] Initializing application metadata
2026-02-12T17:55:33.781 [DEBUG] [tid=0x1f807e240] [onecad.app] [/Users/andrejvysny/andrejvysny/OneCAD/src/app/Application.cpp:38] [bool onecad::app::Application::initialize()] Application metadata set name= "OneCAD" version= "0.1.0" organization= "OneCAD" domain= "onecad.app"
2026-02-12T17:55:33.781 [INFO] [tid=0x1f807e240] [onecad.app] [/Users/andrejvysny/andrejvysny/OneCAD/src/app/Application.cpp:45] [bool onecad::app::Application::initialize()] Application initialized
2026-02-12T17:55:33.781 [INFO] [tid=0x1f807e240] [onecad.main] [/Users/andrejvysny/andrejvysny/OneCAD/src/main.cpp:211] [int main(int, char **)] Dependency versions occt= 7.9.1
2026-02-12T17:55:33.879 [WARN] [tid=0x1f807e240] [qt.qpa.fonts] [<unknown>] [<unknown>] Populating font family aliases took 28 ms. Replace uses of missing font family "Sans Serif" with one that exists to avoid this cost. 
2026-02-12T17:55:33.902 [WARN] [tid=0x1f807e240] [default] [<unknown>] [<unknown>] QOpenGLWidget is not supported on this platform.
2026-02-12T17:55:33.913 [WARN] [tid=0x1f807e240] [default] [<unknown>] [<unknown>] QLayout: Cannot add a null widget to QVBoxLayout/
2026-02-12T17:55:33.919 [DEBUG] [tid=0x1f807e240] [onecad.main] [/Users/andrejvysny/andrejvysny/OneCAD/src/main.cpp:215] [int main(int, char **)] MainWindow created
2026-02-12T17:55:33.921 [WARN] [tid=0x1f807e240] [default] [<unknown>] [<unknown>] This plugin does not support createPlatformOpenGLContext!
2026-02-12T17:55:33.922 [WARN] [tid=0x1f807e240] [default] [<unknown>] [<unknown>] QOpenGLWidget: Failed to create context
2026-02-12T17:55:33.922 [INFO] [tid=0x1f807e240] [onecad.main] [/Users/andrejvysny/andrejvysny/OneCAD/src/main.cpp:217] [int main(int, char **)] MainWindow shown; entering event loop
2026-02-12T17:55:33.922 [INFO] [tid=0x1f807e240] [onecad.main] [/Users/andrejvysny/andrejvysny/OneCAD/src/main.cpp:220] [int main(int, char **)] Headless smoke mode enabled; exiting event loop immediately
2026-02-12T17:55:33.940 [WARN] [tid=0x1f807e240] [default] [<unknown>] [<unknown>] This plugin does not support createPlatformOpenGLContext!
2026-02-12T17:55:33.940 [WARN] [tid=0x1f807e240] [default] [<unknown>] [<unknown>] QOpenGLWidget: Failed to create context
2026-02-12T17:55:33.941 [INFO] [tid=0x1f807e240] [onecad.main] [/Users/andrejvysny/andrejvysny/OneCAD/src/main.cpp:225] [int main(int, char **)] Qt event loop exited exitCode= 0
2026-02-12T17:55:33.941 [INFO] [tid=0x1f807e240] [onecad.app] [/Users/andrejvysny/andrejvysny/OneCAD/src/app/Application.cpp:55] [void onecad::app::Application::shutdown()] Application shutdown started
2026-02-12T17:55:33.941 [INFO] [tid=0x1f807e240] [onecad.app] [/Users/andrejvysny/andrejvysny/OneCAD/src/app/Application.cpp:57] [void onecad::app::Application::shutdown()] Application shutdown completed
2026-02-12T17:55:33.941 [INFO] [tid=0x1f807e240] [default] [/Users/andrejvysny/andrejvysny/OneCAD/src/app/Logging.cpp:320] [static void onecad::app::Logging::shutdown()] Logging shutdown logFile= /Users/andrejvysny/andrejvysny/OneCAD/logs/onecad_20260212_175533_765_61988.log
