2026-02-16T17:16:34.375 [WARN] [tid=0x1f44ea240] [default] [/Users/andrejvysny/andrejvysny/OneCAD/src/app/Logging.cpp:287] [static bool onecad::app::Logging::initialize(const QString &, bool)] Failed to open log file: /Users/andrejvysny/Library/Application Support/OneCAD/OneCAD/logs/onecad_20260216_171634_373_60624.log
2026-02-16T17:16:34.375 [INFO] [tid=0x1f44ea240] [default] [/Users/andrejvysny/andrejvysny/OneCAD/src/app/Logging.cpp:290] [static bool onecad::app::Logging::initialize(const QString &, bool)] Logging initialized logFile= /Users/andrejvysny/andrejvysny/OneCAD/logs/onecad_20260216_171634_373_60624.log logDir= /Users/andrejvysny/andrejvysny/OneCAD/logs debugBuild= true debugLogsEnabled= true
2026-02-16T17:16:34.381 [INFO] [tid=0x1f44ea240] [default] [/Users/andrejvysny/andrejvysny/OneCAD/src/app/Logging.cpp:302] [static bool onecad::app::Logging::initialize(const QString &, bool)] Log retention applied days= 30 maxFiles= 30
2026-02-16T17:16:34.382 [INFO] [tid=0x1f44ea240] [onecad.main] [/Users/andrejvysny/andrejvysny/OneCAD/src/main.cpp:179] [int main(int, char **)] Application startup initiated argc= 1 debugBuild= true
2026-02-16T17:16:34.382 [DEBUG] [tid=0x1f44ea240] [onecad.main] [/Users/andrejvysny/andrejvysny/OneCAD/src/main.cpp:194] [int main(int, char **)] OpenGL default format configured version= 4 . 1 profile= QSurfaceFormat::CoreProfile samples= 4 depthBufferSize= 24 stencilBufferSize= 8
2026-02-16T17:16:34.398 [DEBUG] [tid=0x1f44ea240] [onecad.main] [/Users/andrejvysny/andrejvysny/OneCAD/src/main.cpp:211] [int main(int, char **)] UI event debug logger disabled
2026-02-16T17:16:34.398 [INFO] [tid=0x1f44ea240] [onecad.main] [/Users/andrejvysny/andrejvysny/OneCAD/src/main.cpp:214] [int main(int, char **)] QApplication created applicationDirPath= "/Users/andrejvysny/andrejvysny/OneCAD/build/OneCAD.app/Contents/MacOS" logFilePath= "/Users/andrejvysny/andrejvysny/OneCAD/logs/onecad_20260216_171634_373_60624.log"
2026-02-16T17:16:34.398 [INFO] [tid=0x1f44ea240] [onecad.app] [/Users/andrejvysny/andrejvysny/OneCAD/src/app/Application.cpp:31] [bool onecad::app::Application::initialize()] Initializing application metadata
2026-02-16T17:16:34.398 [DEBUG] [tid=0x1f44ea240] [onecad.app] [/Users/andrejvysny/andrejvysny/OneCAD/src/app/Application.cpp:38] [bool onecad::app::Application::initialize()] Application metadata set name= "OneCAD" version= "0.1.0" organization= "OneCAD" domain= "onecad.app"
2026-02-16T17:16:34.399 [INFO] [tid=0x1f44ea240] [onecad.app] [/Users/andrejvysny/andrejvysny/OneCAD/src/app/Application.cpp:45] [bool onecad::app::Application::initialize()] Application initialized
2026-02-16T17:16:34.399 [INFO] [tid=0x1f44ea240] [onecad.main] [/Users/andrejvysny/andrejvysny/OneCAD/src/main.cpp:225] [int main(int, char **)] Dependency versions occt= 7.9.1
2026-02-16T17:16:34.508 [WARN] [tid=0x1f44ea240] [qt.qpa.fonts] [<unknown>] [<unknown>] Populating font family aliases took 27 ms. Replace uses of missing font family "Sans Serif" with one that exists to avoid this cost. 
2026-02-16T17:16:34.534 [WARN] [tid=0x1f44ea240] [default] [<unknown>] [<unknown>] QOpenGLWidget is not supported on this platform.
2026-02-16T17:16:34.535 [DEBUG] [tid=0x1f44ea240] [onecad.ui.input] [/Users/andrejvysny/andrejvysny/OneCAD/src/ui/viewport/Viewport.cpp:329] [onecad::ui::Viewport::Viewport(QWidget *)] Using macOS native gesture pipeline
2026-02-16T17:16:34.546 [WARN] [tid=0x1f44ea240] [default] [<unknown>] [<unknown>] QLayout: Cannot add a null widget to QVBoxLayout/
2026-02-16T17:16:34.551 [DEBUG] [tid=0x1f44ea240] [onecad.main] [/Users/andrejvysny/andrejvysny/OneCAD/src/main.cpp:229] [int main(int, char **)] MainWindow created
2026-02-16T17:16:34.554 [WARN] [tid=0x1f44ea240] [default] [<unknown>] [<unknown>] This plugin does not support createPlatformOpenGLContext!
2026-02-16T17:16:34.554 [WARN] [tid=0x1f44ea240] [default] [<unknown>] [<unknown>] QOpenGLWidget: Failed to create context
2026-02-16T17:16:34.554 [INFO] [tid=0x1f44ea240] [onecad.main] [/Users/andrejvysny/andrejvysny/OneCAD/src/main.cpp:231] [int main(int, char **)] MainWindow shown; entering event loop
2026-02-16T17:16:34.554 [INFO] [tid=0x1f44ea240] [onecad.main] [/Users/andrejvysny/andrejvysny/OneCAD/src/main.cpp:234] [int main(int, char **)] Headless smoke mode enabled; exiting event loop immediately
2026-02-16T17:16:34.576 [WARN] [tid=0x1f44ea240] [default] [<unknown>] [<unknown>] This plugin does not support createPlatformOpenGLContext!
2026-02-16T17:16:34.576 [WARN] [tid=0x1f44ea240] [default] [<unknown>] [<unknown>] QOpenGLWidget: Failed to create context
2026-02-16T17:16:34.577 [INFO] [tid=0x1f44ea240] [onecad.main] [/Users/andrejvysny/andrejvysny/OneCAD/src/main.cpp:239] [int main(int, char **)] Qt event loop exited exitCode= 0
2026-02-16T17:16:34.577 [INFO] [tid=0x1f44ea240] [onecad.app] [/Users/andrejvysny/andrejvysny/OneCAD/src/app/Application.cpp:55] [void onecad::app::Application::shutdown()] Application shutdown started
2026-02-16T17:16:34.577 [INFO] [tid=0x1f44ea240] [onecad.app] [/Users/andrejvysny/andrejvysny/OneCAD/src/app/Application.cpp:57] [void onecad::app::Application::shutdown()] Application shutdown completed
2026-02-16T17:16:34.577 [INFO] [tid=0x1f44ea240] [default] [/Users/andrejvysny/andrejvysny/OneCAD/src/app/Logging.cpp:320] [static void onecad::app::Logging::shutdown()] Logging shutdown logFile= /Users/andrejvysny/andrejvysny/OneCAD/logs/onecad_20260216_171634_373_60624.log
