---- run 1 ----
PASS: test_vertex_snap
PASS: test_hinttext_vertex_snap
PASS: test_endpoint_snap
PASS: test_hinttext_endpoint_snap
PASS: test_midpoint_snap
PASS: test_hinttext_midpoint_snap
PASS: test_center_snap
PASS: test_hinttext_center_snap
PASS: test_quadrant_snap
PASS: test_intersection_snap
PASS: test_oncurve_snap
PASS: test_ellipse_center_snap
PASS: test_ellipse_quadrant_snap
PASS: test_ellipse_oncurve_snap
PASS: test_ellipse_line_intersection
PASS: test_ellipse_quadrant_rotated
PASS: test_grid_snap
PASS: test_hinttext_grid_snap
PASS: test_perpendicular_snap_line
PASS: test_perpendicular_snap_circle
PASS: test_perpendicular_snap_arc
PASS: test_perpendicular_guide_metadata
PASS: test_tangent_snap_circle
PASS: test_tangent_snap_arc
PASS: test_tangent_guide_metadata
PASS: test_horizontal_alignment_snap
PASS: test_vertical_alignment_snap
PASS: test_extension_snap_line
PASS: test_extension_snap_no_arc
PASS: test_angular_snap_15deg_rounding
PASS: test_angular_snap_45deg_exact
PASS: test_angular_snap_50deg_reference
PASS: test_angular_snap_no_reference
PASS: test_toggle_suppression
PASS: test_all_snap_types_combined
PASS: test_priority_order
PASS: test_spatial_hash_after_geometry_move
PASS: test_spatial_hash_equivalent_to_bruteforce
PASS: test_preserves_guides_when_vertex_wins
PASS: test_perpendicular_guide_nonzero_length
PASS: test_tangent_guide_nonzero_length
PASS: test_clears_guides_when_no_snap
PASS: test_guide_count_bounded
PASS: test_dedupe_collinear_guides
PASS: test_effective_snap_prefers_guide_when_present
PASS: test_effective_snap_falls_back_when_no_guide
PASS: test_effective_snap_nearest_guide_tiebreak
PASS: test_line_commit_prefers_explicit_endpoint_over_guide
PASS: test_overlap_axis_crossing_deterministic
PASS: test_overlap_point_beats_intersection
PASS: test_overlap_endpoint_beats_intersection_colocated
PASS: test_overlap_repeated_runs_same_winner
PASS: test_parity_no_guide_overlap
PASS: test_parity_guide_adjacent_to_overlap
PASS: test_parity_findBestSnap_stable_across_calls
PASS: test_ambiguity_hook_api
56/56 tests passed
---- run 2 ----
PASS: test_vertex_snap
PASS: test_hinttext_vertex_snap
PASS: test_endpoint_snap
PASS: test_hinttext_endpoint_snap
PASS: test_midpoint_snap
PASS: test_hinttext_midpoint_snap
PASS: test_center_snap
PASS: test_hinttext_center_snap
PASS: test_quadrant_snap
PASS: test_intersection_snap
PASS: test_oncurve_snap
PASS: test_ellipse_center_snap
PASS: test_ellipse_quadrant_snap
PASS: test_ellipse_oncurve_snap
PASS: test_ellipse_line_intersection
PASS: test_ellipse_quadrant_rotated
PASS: test_grid_snap
PASS: test_hinttext_grid_snap
PASS: test_perpendicular_snap_line
PASS: test_perpendicular_snap_circle
PASS: test_perpendicular_snap_arc
PASS: test_perpendicular_guide_metadata
PASS: test_tangent_snap_circle
PASS: test_tangent_snap_arc
PASS: test_tangent_guide_metadata
PASS: test_horizontal_alignment_snap
PASS: test_vertical_alignment_snap
PASS: test_extension_snap_line
PASS: test_extension_snap_no_arc
PASS: test_angular_snap_15deg_rounding
PASS: test_angular_snap_45deg_exact
PASS: test_angular_snap_50deg_reference
PASS: test_angular_snap_no_reference
PASS: test_toggle_suppression
PASS: test_all_snap_types_combined
PASS: test_priority_order
PASS: test_spatial_hash_after_geometry_move
PASS: test_spatial_hash_equivalent_to_bruteforce
PASS: test_preserves_guides_when_vertex_wins
PASS: test_perpendicular_guide_nonzero_length
PASS: test_tangent_guide_nonzero_length
PASS: test_clears_guides_when_no_snap
PASS: test_guide_count_bounded
PASS: test_dedupe_collinear_guides
PASS: test_effective_snap_prefers_guide_when_present
PASS: test_effective_snap_falls_back_when_no_guide
PASS: test_effective_snap_nearest_guide_tiebreak
PASS: test_line_commit_prefers_explicit_endpoint_over_guide
PASS: test_overlap_axis_crossing_deterministic
PASS: test_overlap_point_beats_intersection
PASS: test_overlap_endpoint_beats_intersection_colocated
PASS: test_overlap_repeated_runs_same_winner
PASS: test_parity_no_guide_overlap
PASS: test_parity_guide_adjacent_to_overlap
PASS: test_parity_findBestSnap_stable_across_calls
PASS: test_ambiguity_hook_api
56/56 tests passed
---- run 3 ----
PASS: test_vertex_snap
PASS: test_hinttext_vertex_snap
PASS: test_endpoint_snap
PASS: test_hinttext_endpoint_snap
PASS: test_midpoint_snap
PASS: test_hinttext_midpoint_snap
PASS: test_center_snap
PASS: test_hinttext_center_snap
PASS: test_quadrant_snap
PASS: test_intersection_snap
PASS: test_oncurve_snap
PASS: test_ellipse_center_snap
PASS: test_ellipse_quadrant_snap
PASS: test_ellipse_oncurve_snap
PASS: test_ellipse_line_intersection
PASS: test_ellipse_quadrant_rotated
PASS: test_grid_snap
PASS: test_hinttext_grid_snap
PASS: test_perpendicular_snap_line
PASS: test_perpendicular_snap_circle
PASS: test_perpendicular_snap_arc
PASS: test_perpendicular_guide_metadata
PASS: test_tangent_snap_circle
PASS: test_tangent_snap_arc
PASS: test_tangent_guide_metadata
PASS: test_horizontal_alignment_snap
PASS: test_vertical_alignment_snap
PASS: test_extension_snap_line
PASS: test_extension_snap_no_arc
PASS: test_angular_snap_15deg_rounding
PASS: test_angular_snap_45deg_exact
PASS: test_angular_snap_50deg_reference
PASS: test_angular_snap_no_reference
PASS: test_toggle_suppression
PASS: test_all_snap_types_combined
PASS: test_priority_order
PASS: test_spatial_hash_after_geometry_move
PASS: test_spatial_hash_equivalent_to_bruteforce
PASS: test_preserves_guides_when_vertex_wins
PASS: test_perpendicular_guide_nonzero_length
PASS: test_tangent_guide_nonzero_length
PASS: test_clears_guides_when_no_snap
PASS: test_guide_count_bounded
PASS: test_dedupe_collinear_guides
PASS: test_effective_snap_prefers_guide_when_present
PASS: test_effective_snap_falls_back_when_no_guide
PASS: test_effective_snap_nearest_guide_tiebreak
PASS: test_line_commit_prefers_explicit_endpoint_over_guide
PASS: test_overlap_axis_crossing_deterministic
PASS: test_overlap_point_beats_intersection
PASS: test_overlap_endpoint_beats_intersection_colocated
PASS: test_overlap_repeated_runs_same_winner
PASS: test_parity_no_guide_overlap
PASS: test_parity_guide_adjacent_to_overlap
PASS: test_parity_findBestSnap_stable_across_calls
PASS: test_ambiguity_hook_api
56/56 tests passed
---- run 4 ----
PASS: test_vertex_snap
PASS: test_hinttext_vertex_snap
PASS: test_endpoint_snap
PASS: test_hinttext_endpoint_snap
PASS: test_midpoint_snap
PASS: test_hinttext_midpoint_snap
PASS: test_center_snap
PASS: test_hinttext_center_snap
PASS: test_quadrant_snap
PASS: test_intersection_snap
PASS: test_oncurve_snap
PASS: test_ellipse_center_snap
PASS: test_ellipse_quadrant_snap
PASS: test_ellipse_oncurve_snap
PASS: test_ellipse_line_intersection
PASS: test_ellipse_quadrant_rotated
PASS: test_grid_snap
PASS: test_hinttext_grid_snap
PASS: test_perpendicular_snap_line
PASS: test_perpendicular_snap_circle
PASS: test_perpendicular_snap_arc
PASS: test_perpendicular_guide_metadata
PASS: test_tangent_snap_circle
PASS: test_tangent_snap_arc
PASS: test_tangent_guide_metadata
PASS: test_horizontal_alignment_snap
PASS: test_vertical_alignment_snap
PASS: test_extension_snap_line
PASS: test_extension_snap_no_arc
PASS: test_angular_snap_15deg_rounding
PASS: test_angular_snap_45deg_exact
PASS: test_angular_snap_50deg_reference
PASS: test_angular_snap_no_reference
PASS: test_toggle_suppression
PASS: test_all_snap_types_combined
PASS: test_priority_order
PASS: test_spatial_hash_after_geometry_move
PASS: test_spatial_hash_equivalent_to_bruteforce
PASS: test_preserves_guides_when_vertex_wins
PASS: test_perpendicular_guide_nonzero_length
PASS: test_tangent_guide_nonzero_length
PASS: test_clears_guides_when_no_snap
PASS: test_guide_count_bounded
PASS: test_dedupe_collinear_guides
PASS: test_effective_snap_prefers_guide_when_present
PASS: test_effective_snap_falls_back_when_no_guide
PASS: test_effective_snap_nearest_guide_tiebreak
PASS: test_line_commit_prefers_explicit_endpoint_over_guide
PASS: test_overlap_axis_crossing_deterministic
PASS: test_overlap_point_beats_intersection
PASS: test_overlap_endpoint_beats_intersection_colocated
PASS: test_overlap_repeated_runs_same_winner
PASS: test_parity_no_guide_overlap
PASS: test_parity_guide_adjacent_to_overlap
PASS: test_parity_findBestSnap_stable_across_calls
PASS: test_ambiguity_hook_api
56/56 tests passed
---- run 5 ----
PASS: test_vertex_snap
PASS: test_hinttext_vertex_snap
PASS: test_endpoint_snap
PASS: test_hinttext_endpoint_snap
PASS: test_midpoint_snap
PASS: test_hinttext_midpoint_snap
PASS: test_center_snap
PASS: test_hinttext_center_snap
PASS: test_quadrant_snap
PASS: test_intersection_snap
PASS: test_oncurve_snap
PASS: test_ellipse_center_snap
PASS: test_ellipse_quadrant_snap
PASS: test_ellipse_oncurve_snap
PASS: test_ellipse_line_intersection
PASS: test_ellipse_quadrant_rotated
PASS: test_grid_snap
PASS: test_hinttext_grid_snap
PASS: test_perpendicular_snap_line
PASS: test_perpendicular_snap_circle
PASS: test_perpendicular_snap_arc
PASS: test_perpendicular_guide_metadata
PASS: test_tangent_snap_circle
PASS: test_tangent_snap_arc
PASS: test_tangent_guide_metadata
PASS: test_horizontal_alignment_snap
PASS: test_vertical_alignment_snap
PASS: test_extension_snap_line
PASS: test_extension_snap_no_arc
PASS: test_angular_snap_15deg_rounding
PASS: test_angular_snap_45deg_exact
PASS: test_angular_snap_50deg_reference
PASS: test_angular_snap_no_reference
PASS: test_toggle_suppression
PASS: test_all_snap_types_combined
PASS: test_priority_order
PASS: test_spatial_hash_after_geometry_move
PASS: test_spatial_hash_equivalent_to_bruteforce
PASS: test_preserves_guides_when_vertex_wins
PASS: test_perpendicular_guide_nonzero_length
PASS: test_tangent_guide_nonzero_length
PASS: test_clears_guides_when_no_snap
PASS: test_guide_count_bounded
PASS: test_dedupe_collinear_guides
PASS: test_effective_snap_prefers_guide_when_present
PASS: test_effective_snap_falls_back_when_no_guide
PASS: test_effective_snap_nearest_guide_tiebreak
PASS: test_line_commit_prefers_explicit_endpoint_over_guide
PASS: test_overlap_axis_crossing_deterministic
PASS: test_overlap_point_beats_intersection
PASS: test_overlap_endpoint_beats_intersection_colocated
PASS: test_overlap_repeated_runs_same_winner
PASS: test_parity_no_guide_overlap
PASS: test_parity_guide_adjacent_to_overlap
PASS: test_parity_findBestSnap_stable_across_calls
PASS: test_ambiguity_hook_api
56/56 tests passed
---- run 6 ----
PASS: test_vertex_snap
PASS: test_hinttext_vertex_snap
PASS: test_endpoint_snap
PASS: test_hinttext_endpoint_snap
PASS: test_midpoint_snap
PASS: test_hinttext_midpoint_snap
PASS: test_center_snap
PASS: test_hinttext_center_snap
PASS: test_quadrant_snap
PASS: test_intersection_snap
PASS: test_oncurve_snap
PASS: test_ellipse_center_snap
PASS: test_ellipse_quadrant_snap
PASS: test_ellipse_oncurve_snap
PASS: test_ellipse_line_intersection
PASS: test_ellipse_quadrant_rotated
PASS: test_grid_snap
PASS: test_hinttext_grid_snap
PASS: test_perpendicular_snap_line
PASS: test_perpendicular_snap_circle
PASS: test_perpendicular_snap_arc
PASS: test_perpendicular_guide_metadata
PASS: test_tangent_snap_circle
PASS: test_tangent_snap_arc
PASS: test_tangent_guide_metadata
PASS: test_horizontal_alignment_snap
PASS: test_vertical_alignment_snap
PASS: test_extension_snap_line
PASS: test_extension_snap_no_arc
PASS: test_angular_snap_15deg_rounding
PASS: test_angular_snap_45deg_exact
PASS: test_angular_snap_50deg_reference
PASS: test_angular_snap_no_reference
PASS: test_toggle_suppression
PASS: test_all_snap_types_combined
PASS: test_priority_order
PASS: test_spatial_hash_after_geometry_move
PASS: test_spatial_hash_equivalent_to_bruteforce
PASS: test_preserves_guides_when_vertex_wins
PASS: test_perpendicular_guide_nonzero_length
PASS: test_tangent_guide_nonzero_length
PASS: test_clears_guides_when_no_snap
PASS: test_guide_count_bounded
PASS: test_dedupe_collinear_guides
PASS: test_effective_snap_prefers_guide_when_present
PASS: test_effective_snap_falls_back_when_no_guide
PASS: test_effective_snap_nearest_guide_tiebreak
PASS: test_line_commit_prefers_explicit_endpoint_over_guide
PASS: test_overlap_axis_crossing_deterministic
PASS: test_overlap_point_beats_intersection
PASS: test_overlap_endpoint_beats_intersection_colocated
PASS: test_overlap_repeated_runs_same_winner
PASS: test_parity_no_guide_overlap
PASS: test_parity_guide_adjacent_to_overlap
PASS: test_parity_findBestSnap_stable_across_calls
PASS: test_ambiguity_hook_api
56/56 tests passed
---- run 7 ----
PASS: test_vertex_snap
PASS: test_hinttext_vertex_snap
PASS: test_endpoint_snap
PASS: test_hinttext_endpoint_snap
PASS: test_midpoint_snap
PASS: test_hinttext_midpoint_snap
PASS: test_center_snap
PASS: test_hinttext_center_snap
PASS: test_quadrant_snap
PASS: test_intersection_snap
PASS: test_oncurve_snap
PASS: test_ellipse_center_snap
PASS: test_ellipse_quadrant_snap
PASS: test_ellipse_oncurve_snap
PASS: test_ellipse_line_intersection
PASS: test_ellipse_quadrant_rotated
PASS: test_grid_snap
PASS: test_hinttext_grid_snap
PASS: test_perpendicular_snap_line
PASS: test_perpendicular_snap_circle
PASS: test_perpendicular_snap_arc
PASS: test_perpendicular_guide_metadata
PASS: test_tangent_snap_circle
PASS: test_tangent_snap_arc
PASS: test_tangent_guide_metadata
PASS: test_horizontal_alignment_snap
PASS: test_vertical_alignment_snap
PASS: test_extension_snap_line
PASS: test_extension_snap_no_arc
PASS: test_angular_snap_15deg_rounding
PASS: test_angular_snap_45deg_exact
PASS: test_angular_snap_50deg_reference
PASS: test_angular_snap_no_reference
PASS: test_toggle_suppression
PASS: test_all_snap_types_combined
PASS: test_priority_order
PASS: test_spatial_hash_after_geometry_move
PASS: test_spatial_hash_equivalent_to_bruteforce
PASS: test_preserves_guides_when_vertex_wins
PASS: test_perpendicular_guide_nonzero_length
PASS: test_tangent_guide_nonzero_length
PASS: test_clears_guides_when_no_snap
PASS: test_guide_count_bounded
PASS: test_dedupe_collinear_guides
PASS: test_effective_snap_prefers_guide_when_present
PASS: test_effective_snap_falls_back_when_no_guide
PASS: test_effective_snap_nearest_guide_tiebreak
PASS: test_line_commit_prefers_explicit_endpoint_over_guide
PASS: test_overlap_axis_crossing_deterministic
PASS: test_overlap_point_beats_intersection
PASS: test_overlap_endpoint_beats_intersection_colocated
PASS: test_overlap_repeated_runs_same_winner
PASS: test_parity_no_guide_overlap
PASS: test_parity_guide_adjacent_to_overlap
PASS: test_parity_findBestSnap_stable_across_calls
PASS: test_ambiguity_hook_api
56/56 tests passed
---- run 8 ----
PASS: test_vertex_snap
PASS: test_hinttext_vertex_snap
PASS: test_endpoint_snap
PASS: test_hinttext_endpoint_snap
PASS: test_midpoint_snap
PASS: test_hinttext_midpoint_snap
PASS: test_center_snap
PASS: test_hinttext_center_snap
PASS: test_quadrant_snap
PASS: test_intersection_snap
PASS: test_oncurve_snap
PASS: test_ellipse_center_snap
PASS: test_ellipse_quadrant_snap
PASS: test_ellipse_oncurve_snap
PASS: test_ellipse_line_intersection
PASS: test_ellipse_quadrant_rotated
PASS: test_grid_snap
PASS: test_hinttext_grid_snap
PASS: test_perpendicular_snap_line
PASS: test_perpendicular_snap_circle
PASS: test_perpendicular_snap_arc
PASS: test_perpendicular_guide_metadata
PASS: test_tangent_snap_circle
PASS: test_tangent_snap_arc
PASS: test_tangent_guide_metadata
PASS: test_horizontal_alignment_snap
PASS: test_vertical_alignment_snap
PASS: test_extension_snap_line
PASS: test_extension_snap_no_arc
PASS: test_angular_snap_15deg_rounding
PASS: test_angular_snap_45deg_exact
PASS: test_angular_snap_50deg_reference
PASS: test_angular_snap_no_reference
PASS: test_toggle_suppression
PASS: test_all_snap_types_combined
PASS: test_priority_order
PASS: test_spatial_hash_after_geometry_move
PASS: test_spatial_hash_equivalent_to_bruteforce
PASS: test_preserves_guides_when_vertex_wins
PASS: test_perpendicular_guide_nonzero_length
PASS: test_tangent_guide_nonzero_length
PASS: test_clears_guides_when_no_snap
PASS: test_guide_count_bounded
PASS: test_dedupe_collinear_guides
PASS: test_effective_snap_prefers_guide_when_present
PASS: test_effective_snap_falls_back_when_no_guide
PASS: test_effective_snap_nearest_guide_tiebreak
PASS: test_line_commit_prefers_explicit_endpoint_over_guide
PASS: test_overlap_axis_crossing_deterministic
PASS: test_overlap_point_beats_intersection
PASS: test_overlap_endpoint_beats_intersection_colocated
PASS: test_overlap_repeated_runs_same_winner
PASS: test_parity_no_guide_overlap
PASS: test_parity_guide_adjacent_to_overlap
PASS: test_parity_findBestSnap_stable_across_calls
PASS: test_ambiguity_hook_api
56/56 tests passed
---- run 9 ----
PASS: test_vertex_snap
PASS: test_hinttext_vertex_snap
PASS: test_endpoint_snap
PASS: test_hinttext_endpoint_snap
PASS: test_midpoint_snap
PASS: test_hinttext_midpoint_snap
PASS: test_center_snap
PASS: test_hinttext_center_snap
PASS: test_quadrant_snap
PASS: test_intersection_snap
PASS: test_oncurve_snap
PASS: test_ellipse_center_snap
PASS: test_ellipse_quadrant_snap
PASS: test_ellipse_oncurve_snap
PASS: test_ellipse_line_intersection
PASS: test_ellipse_quadrant_rotated
PASS: test_grid_snap
PASS: test_hinttext_grid_snap
PASS: test_perpendicular_snap_line
PASS: test_perpendicular_snap_circle
PASS: test_perpendicular_snap_arc
PASS: test_perpendicular_guide_metadata
PASS: test_tangent_snap_circle
PASS: test_tangent_snap_arc
PASS: test_tangent_guide_metadata
PASS: test_horizontal_alignment_snap
PASS: test_vertical_alignment_snap
PASS: test_extension_snap_line
PASS: test_extension_snap_no_arc
PASS: test_angular_snap_15deg_rounding
PASS: test_angular_snap_45deg_exact
PASS: test_angular_snap_50deg_reference
PASS: test_angular_snap_no_reference
PASS: test_toggle_suppression
PASS: test_all_snap_types_combined
PASS: test_priority_order
PASS: test_spatial_hash_after_geometry_move
PASS: test_spatial_hash_equivalent_to_bruteforce
PASS: test_preserves_guides_when_vertex_wins
PASS: test_perpendicular_guide_nonzero_length
PASS: test_tangent_guide_nonzero_length
PASS: test_clears_guides_when_no_snap
PASS: test_guide_count_bounded
PASS: test_dedupe_collinear_guides
PASS: test_effective_snap_prefers_guide_when_present
PASS: test_effective_snap_falls_back_when_no_guide
PASS: test_effective_snap_nearest_guide_tiebreak
PASS: test_line_commit_prefers_explicit_endpoint_over_guide
PASS: test_overlap_axis_crossing_deterministic
PASS: test_overlap_point_beats_intersection
PASS: test_overlap_endpoint_beats_intersection_colocated
PASS: test_overlap_repeated_runs_same_winner
PASS: test_parity_no_guide_overlap
PASS: test_parity_guide_adjacent_to_overlap
PASS: test_parity_findBestSnap_stable_across_calls
PASS: test_ambiguity_hook_api
56/56 tests passed
---- run 10 ----
PASS: test_vertex_snap
PASS: test_hinttext_vertex_snap
PASS: test_endpoint_snap
PASS: test_hinttext_endpoint_snap
PASS: test_midpoint_snap
PASS: test_hinttext_midpoint_snap
PASS: test_center_snap
PASS: test_hinttext_center_snap
PASS: test_quadrant_snap
PASS: test_intersection_snap
PASS: test_oncurve_snap
PASS: test_ellipse_center_snap
PASS: test_ellipse_quadrant_snap
PASS: test_ellipse_oncurve_snap
PASS: test_ellipse_line_intersection
PASS: test_ellipse_quadrant_rotated
PASS: test_grid_snap
PASS: test_hinttext_grid_snap
PASS: test_perpendicular_snap_line
PASS: test_perpendicular_snap_circle
PASS: test_perpendicular_snap_arc
PASS: test_perpendicular_guide_metadata
PASS: test_tangent_snap_circle
PASS: test_tangent_snap_arc
PASS: test_tangent_guide_metadata
PASS: test_horizontal_alignment_snap
PASS: test_vertical_alignment_snap
PASS: test_extension_snap_line
PASS: test_extension_snap_no_arc
PASS: test_angular_snap_15deg_rounding
PASS: test_angular_snap_45deg_exact
PASS: test_angular_snap_50deg_reference
PASS: test_angular_snap_no_reference
PASS: test_toggle_suppression
PASS: test_all_snap_types_combined
PASS: test_priority_order
PASS: test_spatial_hash_after_geometry_move
PASS: test_spatial_hash_equivalent_to_bruteforce
PASS: test_preserves_guides_when_vertex_wins
PASS: test_perpendicular_guide_nonzero_length
PASS: test_tangent_guide_nonzero_length
PASS: test_clears_guides_when_no_snap
PASS: test_guide_count_bounded
PASS: test_dedupe_collinear_guides
PASS: test_effective_snap_prefers_guide_when_present
PASS: test_effective_snap_falls_back_when_no_guide
PASS: test_effective_snap_nearest_guide_tiebreak
PASS: test_line_commit_prefers_explicit_endpoint_over_guide
PASS: test_overlap_axis_crossing_deterministic
PASS: test_overlap_point_beats_intersection
PASS: test_overlap_endpoint_beats_intersection_colocated
PASS: test_overlap_repeated_runs_same_winner
PASS: test_parity_no_guide_overlap
PASS: test_parity_guide_adjacent_to_overlap
PASS: test_parity_findBestSnap_stable_across_calls
PASS: test_ambiguity_hook_api
56/56 tests passed
---- run 11 ----
PASS: test_vertex_snap
PASS: test_hinttext_vertex_snap
PASS: test_endpoint_snap
PASS: test_hinttext_endpoint_snap
PASS: test_midpoint_snap
PASS: test_hinttext_midpoint_snap
PASS: test_center_snap
PASS: test_hinttext_center_snap
PASS: test_quadrant_snap
PASS: test_intersection_snap
PASS: test_oncurve_snap
PASS: test_ellipse_center_snap
PASS: test_ellipse_quadrant_snap
PASS: test_ellipse_oncurve_snap
PASS: test_ellipse_line_intersection
PASS: test_ellipse_quadrant_rotated
PASS: test_grid_snap
PASS: test_hinttext_grid_snap
PASS: test_perpendicular_snap_line
PASS: test_perpendicular_snap_circle
PASS: test_perpendicular_snap_arc
PASS: test_perpendicular_guide_metadata
PASS: test_tangent_snap_circle
PASS: test_tangent_snap_arc
PASS: test_tangent_guide_metadata
PASS: test_horizontal_alignment_snap
PASS: test_vertical_alignment_snap
PASS: test_extension_snap_line
PASS: test_extension_snap_no_arc
PASS: test_angular_snap_15deg_rounding
PASS: test_angular_snap_45deg_exact
PASS: test_angular_snap_50deg_reference
PASS: test_angular_snap_no_reference
PASS: test_toggle_suppression
PASS: test_all_snap_types_combined
PASS: test_priority_order
PASS: test_spatial_hash_after_geometry_move
PASS: test_spatial_hash_equivalent_to_bruteforce
PASS: test_preserves_guides_when_vertex_wins
PASS: test_perpendicular_guide_nonzero_length
PASS: test_tangent_guide_nonzero_length
PASS: test_clears_guides_when_no_snap
PASS: test_guide_count_bounded
PASS: test_dedupe_collinear_guides
PASS: test_effective_snap_prefers_guide_when_present
PASS: test_effective_snap_falls_back_when_no_guide
PASS: test_effective_snap_nearest_guide_tiebreak
PASS: test_line_commit_prefers_explicit_endpoint_over_guide
PASS: test_overlap_axis_crossing_deterministic
PASS: test_overlap_point_beats_intersection
PASS: test_overlap_endpoint_beats_intersection_colocated
PASS: test_overlap_repeated_runs_same_winner
PASS: test_parity_no_guide_overlap
PASS: test_parity_guide_adjacent_to_overlap
PASS: test_parity_findBestSnap_stable_across_calls
PASS: test_ambiguity_hook_api
56/56 tests passed
---- run 12 ----
PASS: test_vertex_snap
PASS: test_hinttext_vertex_snap
PASS: test_endpoint_snap
PASS: test_hinttext_endpoint_snap
PASS: test_midpoint_snap
PASS: test_hinttext_midpoint_snap
PASS: test_center_snap
PASS: test_hinttext_center_snap
PASS: test_quadrant_snap
PASS: test_intersection_snap
PASS: test_oncurve_snap
PASS: test_ellipse_center_snap
PASS: test_ellipse_quadrant_snap
PASS: test_ellipse_oncurve_snap
PASS: test_ellipse_line_intersection
PASS: test_ellipse_quadrant_rotated
PASS: test_grid_snap
PASS: test_hinttext_grid_snap
PASS: test_perpendicular_snap_line
PASS: test_perpendicular_snap_circle
PASS: test_perpendicular_snap_arc
PASS: test_perpendicular_guide_metadata
PASS: test_tangent_snap_circle
PASS: test_tangent_snap_arc
PASS: test_tangent_guide_metadata
PASS: test_horizontal_alignment_snap
PASS: test_vertical_alignment_snap
PASS: test_extension_snap_line
PASS: test_extension_snap_no_arc
PASS: test_angular_snap_15deg_rounding
PASS: test_angular_snap_45deg_exact
PASS: test_angular_snap_50deg_reference
PASS: test_angular_snap_no_reference
PASS: test_toggle_suppression
PASS: test_all_snap_types_combined
PASS: test_priority_order
PASS: test_spatial_hash_after_geometry_move
PASS: test_spatial_hash_equivalent_to_bruteforce
PASS: test_preserves_guides_when_vertex_wins
PASS: test_perpendicular_guide_nonzero_length
PASS: test_tangent_guide_nonzero_length
PASS: test_clears_guides_when_no_snap
PASS: test_guide_count_bounded
PASS: test_dedupe_collinear_guides
PASS: test_effective_snap_prefers_guide_when_present
PASS: test_effective_snap_falls_back_when_no_guide
PASS: test_effective_snap_nearest_guide_tiebreak
PASS: test_line_commit_prefers_explicit_endpoint_over_guide
PASS: test_overlap_axis_crossing_deterministic
PASS: test_overlap_point_beats_intersection
PASS: test_overlap_endpoint_beats_intersection_colocated
PASS: test_overlap_repeated_runs_same_winner
PASS: test_parity_no_guide_overlap
PASS: test_parity_guide_adjacent_to_overlap
PASS: test_parity_findBestSnap_stable_across_calls
PASS: test_ambiguity_hook_api
56/56 tests passed
---- run 13 ----
PASS: test_vertex_snap
PASS: test_hinttext_vertex_snap
PASS: test_endpoint_snap
PASS: test_hinttext_endpoint_snap
PASS: test_midpoint_snap
PASS: test_hinttext_midpoint_snap
PASS: test_center_snap
PASS: test_hinttext_center_snap
PASS: test_quadrant_snap
PASS: test_intersection_snap
PASS: test_oncurve_snap
PASS: test_ellipse_center_snap
PASS: test_ellipse_quadrant_snap
PASS: test_ellipse_oncurve_snap
PASS: test_ellipse_line_intersection
PASS: test_ellipse_quadrant_rotated
PASS: test_grid_snap
PASS: test_hinttext_grid_snap
PASS: test_perpendicular_snap_line
PASS: test_perpendicular_snap_circle
PASS: test_perpendicular_snap_arc
PASS: test_perpendicular_guide_metadata
PASS: test_tangent_snap_circle
PASS: test_tangent_snap_arc
PASS: test_tangent_guide_metadata
PASS: test_horizontal_alignment_snap
PASS: test_vertical_alignment_snap
PASS: test_extension_snap_line
PASS: test_extension_snap_no_arc
PASS: test_angular_snap_15deg_rounding
PASS: test_angular_snap_45deg_exact
PASS: test_angular_snap_50deg_reference
PASS: test_angular_snap_no_reference
PASS: test_toggle_suppression
PASS: test_all_snap_types_combined
PASS: test_priority_order
PASS: test_spatial_hash_after_geometry_move
PASS: test_spatial_hash_equivalent_to_bruteforce
PASS: test_preserves_guides_when_vertex_wins
PASS: test_perpendicular_guide_nonzero_length
PASS: test_tangent_guide_nonzero_length
PASS: test_clears_guides_when_no_snap
PASS: test_guide_count_bounded
PASS: test_dedupe_collinear_guides
PASS: test_effective_snap_prefers_guide_when_present
PASS: test_effective_snap_falls_back_when_no_guide
PASS: test_effective_snap_nearest_guide_tiebreak
PASS: test_line_commit_prefers_explicit_endpoint_over_guide
PASS: test_overlap_axis_crossing_deterministic
PASS: test_overlap_point_beats_intersection
PASS: test_overlap_endpoint_beats_intersection_colocated
PASS: test_overlap_repeated_runs_same_winner
PASS: test_parity_no_guide_overlap
PASS: test_parity_guide_adjacent_to_overlap
PASS: test_parity_findBestSnap_stable_across_calls
PASS: test_ambiguity_hook_api
56/56 tests passed
---- run 14 ----
PASS: test_vertex_snap
PASS: test_hinttext_vertex_snap
PASS: test_endpoint_snap
PASS: test_hinttext_endpoint_snap
PASS: test_midpoint_snap
PASS: test_hinttext_midpoint_snap
PASS: test_center_snap
PASS: test_hinttext_center_snap
PASS: test_quadrant_snap
PASS: test_intersection_snap
PASS: test_oncurve_snap
PASS: test_ellipse_center_snap
PASS: test_ellipse_quadrant_snap
PASS: test_ellipse_oncurve_snap
PASS: test_ellipse_line_intersection
PASS: test_ellipse_quadrant_rotated
PASS: test_grid_snap
PASS: test_hinttext_grid_snap
PASS: test_perpendicular_snap_line
PASS: test_perpendicular_snap_circle
PASS: test_perpendicular_snap_arc
PASS: test_perpendicular_guide_metadata
PASS: test_tangent_snap_circle
PASS: test_tangent_snap_arc
PASS: test_tangent_guide_metadata
PASS: test_horizontal_alignment_snap
PASS: test_vertical_alignment_snap
PASS: test_extension_snap_line
PASS: test_extension_snap_no_arc
PASS: test_angular_snap_15deg_rounding
PASS: test_angular_snap_45deg_exact
PASS: test_angular_snap_50deg_reference
PASS: test_angular_snap_no_reference
PASS: test_toggle_suppression
PASS: test_all_snap_types_combined
PASS: test_priority_order
PASS: test_spatial_hash_after_geometry_move
PASS: test_spatial_hash_equivalent_to_bruteforce
PASS: test_preserves_guides_when_vertex_wins
PASS: test_perpendicular_guide_nonzero_length
PASS: test_tangent_guide_nonzero_length
PASS: test_clears_guides_when_no_snap
PASS: test_guide_count_bounded
PASS: test_dedupe_collinear_guides
PASS: test_effective_snap_prefers_guide_when_present
PASS: test_effective_snap_falls_back_when_no_guide
PASS: test_effective_snap_nearest_guide_tiebreak
PASS: test_line_commit_prefers_explicit_endpoint_over_guide
PASS: test_overlap_axis_crossing_deterministic
PASS: test_overlap_point_beats_intersection
PASS: test_overlap_endpoint_beats_intersection_colocated
PASS: test_overlap_repeated_runs_same_winner
PASS: test_parity_no_guide_overlap
PASS: test_parity_guide_adjacent_to_overlap
PASS: test_parity_findBestSnap_stable_across_calls
PASS: test_ambiguity_hook_api
56/56 tests passed
---- run 15 ----
PASS: test_vertex_snap
PASS: test_hinttext_vertex_snap
PASS: test_endpoint_snap
PASS: test_hinttext_endpoint_snap
PASS: test_midpoint_snap
PASS: test_hinttext_midpoint_snap
PASS: test_center_snap
PASS: test_hinttext_center_snap
PASS: test_quadrant_snap
PASS: test_intersection_snap
PASS: test_oncurve_snap
PASS: test_ellipse_center_snap
PASS: test_ellipse_quadrant_snap
PASS: test_ellipse_oncurve_snap
PASS: test_ellipse_line_intersection
PASS: test_ellipse_quadrant_rotated
PASS: test_grid_snap
PASS: test_hinttext_grid_snap
PASS: test_perpendicular_snap_line
PASS: test_perpendicular_snap_circle
PASS: test_perpendicular_snap_arc
PASS: test_perpendicular_guide_metadata
PASS: test_tangent_snap_circle
PASS: test_tangent_snap_arc
PASS: test_tangent_guide_metadata
PASS: test_horizontal_alignment_snap
PASS: test_vertical_alignment_snap
PASS: test_extension_snap_line
PASS: test_extension_snap_no_arc
PASS: test_angular_snap_15deg_rounding
PASS: test_angular_snap_45deg_exact
PASS: test_angular_snap_50deg_reference
PASS: test_angular_snap_no_reference
PASS: test_toggle_suppression
PASS: test_all_snap_types_combined
PASS: test_priority_order
PASS: test_spatial_hash_after_geometry_move
PASS: test_spatial_hash_equivalent_to_bruteforce
PASS: test_preserves_guides_when_vertex_wins
PASS: test_perpendicular_guide_nonzero_length
PASS: test_tangent_guide_nonzero_length
PASS: test_clears_guides_when_no_snap
PASS: test_guide_count_bounded
PASS: test_dedupe_collinear_guides
PASS: test_effective_snap_prefers_guide_when_present
PASS: test_effective_snap_falls_back_when_no_guide
PASS: test_effective_snap_nearest_guide_tiebreak
PASS: test_line_commit_prefers_explicit_endpoint_over_guide
PASS: test_overlap_axis_crossing_deterministic
PASS: test_overlap_point_beats_intersection
PASS: test_overlap_endpoint_beats_intersection_colocated
PASS: test_overlap_repeated_runs_same_winner
PASS: test_parity_no_guide_overlap
PASS: test_parity_guide_adjacent_to_overlap
PASS: test_parity_findBestSnap_stable_across_calls
PASS: test_ambiguity_hook_api
56/56 tests passed
---- run 16 ----
PASS: test_vertex_snap
PASS: test_hinttext_vertex_snap
PASS: test_endpoint_snap
PASS: test_hinttext_endpoint_snap
PASS: test_midpoint_snap
PASS: test_hinttext_midpoint_snap
PASS: test_center_snap
PASS: test_hinttext_center_snap
PASS: test_quadrant_snap
PASS: test_intersection_snap
PASS: test_oncurve_snap
PASS: test_ellipse_center_snap
PASS: test_ellipse_quadrant_snap
PASS: test_ellipse_oncurve_snap
PASS: test_ellipse_line_intersection
PASS: test_ellipse_quadrant_rotated
PASS: test_grid_snap
PASS: test_hinttext_grid_snap
PASS: test_perpendicular_snap_line
PASS: test_perpendicular_snap_circle
PASS: test_perpendicular_snap_arc
PASS: test_perpendicular_guide_metadata
PASS: test_tangent_snap_circle
PASS: test_tangent_snap_arc
PASS: test_tangent_guide_metadata
PASS: test_horizontal_alignment_snap
PASS: test_vertical_alignment_snap
PASS: test_extension_snap_line
PASS: test_extension_snap_no_arc
PASS: test_angular_snap_15deg_rounding
PASS: test_angular_snap_45deg_exact
PASS: test_angular_snap_50deg_reference
PASS: test_angular_snap_no_reference
PASS: test_toggle_suppression
PASS: test_all_snap_types_combined
PASS: test_priority_order
PASS: test_spatial_hash_after_geometry_move
PASS: test_spatial_hash_equivalent_to_bruteforce
PASS: test_preserves_guides_when_vertex_wins
PASS: test_perpendicular_guide_nonzero_length
PASS: test_tangent_guide_nonzero_length
PASS: test_clears_guides_when_no_snap
PASS: test_guide_count_bounded
PASS: test_dedupe_collinear_guides
PASS: test_effective_snap_prefers_guide_when_present
PASS: test_effective_snap_falls_back_when_no_guide
PASS: test_effective_snap_nearest_guide_tiebreak
PASS: test_line_commit_prefers_explicit_endpoint_over_guide
PASS: test_overlap_axis_crossing_deterministic
PASS: test_overlap_point_beats_intersection
PASS: test_overlap_endpoint_beats_intersection_colocated
PASS: test_overlap_repeated_runs_same_winner
PASS: test_parity_no_guide_overlap
PASS: test_parity_guide_adjacent_to_overlap
PASS: test_parity_findBestSnap_stable_across_calls
PASS: test_ambiguity_hook_api
56/56 tests passed
---- run 17 ----
PASS: test_vertex_snap
PASS: test_hinttext_vertex_snap
PASS: test_endpoint_snap
PASS: test_hinttext_endpoint_snap
PASS: test_midpoint_snap
PASS: test_hinttext_midpoint_snap
PASS: test_center_snap
PASS: test_hinttext_center_snap
PASS: test_quadrant_snap
PASS: test_intersection_snap
PASS: test_oncurve_snap
PASS: test_ellipse_center_snap
PASS: test_ellipse_quadrant_snap
PASS: test_ellipse_oncurve_snap
PASS: test_ellipse_line_intersection
PASS: test_ellipse_quadrant_rotated
PASS: test_grid_snap
PASS: test_hinttext_grid_snap
PASS: test_perpendicular_snap_line
PASS: test_perpendicular_snap_circle
PASS: test_perpendicular_snap_arc
PASS: test_perpendicular_guide_metadata
PASS: test_tangent_snap_circle
PASS: test_tangent_snap_arc
PASS: test_tangent_guide_metadata
PASS: test_horizontal_alignment_snap
PASS: test_vertical_alignment_snap
PASS: test_extension_snap_line
PASS: test_extension_snap_no_arc
PASS: test_angular_snap_15deg_rounding
PASS: test_angular_snap_45deg_exact
PASS: test_angular_snap_50deg_reference
PASS: test_angular_snap_no_reference
PASS: test_toggle_suppression
PASS: test_all_snap_types_combined
PASS: test_priority_order
PASS: test_spatial_hash_after_geometry_move
PASS: test_spatial_hash_equivalent_to_bruteforce
PASS: test_preserves_guides_when_vertex_wins
PASS: test_perpendicular_guide_nonzero_length
PASS: test_tangent_guide_nonzero_length
PASS: test_clears_guides_when_no_snap
PASS: test_guide_count_bounded
PASS: test_dedupe_collinear_guides
PASS: test_effective_snap_prefers_guide_when_present
PASS: test_effective_snap_falls_back_when_no_guide
PASS: test_effective_snap_nearest_guide_tiebreak
PASS: test_line_commit_prefers_explicit_endpoint_over_guide
PASS: test_overlap_axis_crossing_deterministic
PASS: test_overlap_point_beats_intersection
PASS: test_overlap_endpoint_beats_intersection_colocated
PASS: test_overlap_repeated_runs_same_winner
PASS: test_parity_no_guide_overlap
PASS: test_parity_guide_adjacent_to_overlap
PASS: test_parity_findBestSnap_stable_across_calls
PASS: test_ambiguity_hook_api
56/56 tests passed
---- run 18 ----
PASS: test_vertex_snap
PASS: test_hinttext_vertex_snap
PASS: test_endpoint_snap
PASS: test_hinttext_endpoint_snap
PASS: test_midpoint_snap
PASS: test_hinttext_midpoint_snap
PASS: test_center_snap
PASS: test_hinttext_center_snap
PASS: test_quadrant_snap
PASS: test_intersection_snap
PASS: test_oncurve_snap
PASS: test_ellipse_center_snap
PASS: test_ellipse_quadrant_snap
PASS: test_ellipse_oncurve_snap
PASS: test_ellipse_line_intersection
PASS: test_ellipse_quadrant_rotated
PASS: test_grid_snap
PASS: test_hinttext_grid_snap
PASS: test_perpendicular_snap_line
PASS: test_perpendicular_snap_circle
PASS: test_perpendicular_snap_arc
PASS: test_perpendicular_guide_metadata
PASS: test_tangent_snap_circle
PASS: test_tangent_snap_arc
PASS: test_tangent_guide_metadata
PASS: test_horizontal_alignment_snap
PASS: test_vertical_alignment_snap
PASS: test_extension_snap_line
PASS: test_extension_snap_no_arc
PASS: test_angular_snap_15deg_rounding
PASS: test_angular_snap_45deg_exact
PASS: test_angular_snap_50deg_reference
PASS: test_angular_snap_no_reference
PASS: test_toggle_suppression
PASS: test_all_snap_types_combined
PASS: test_priority_order
PASS: test_spatial_hash_after_geometry_move
PASS: test_spatial_hash_equivalent_to_bruteforce
PASS: test_preserves_guides_when_vertex_wins
PASS: test_perpendicular_guide_nonzero_length
PASS: test_tangent_guide_nonzero_length
PASS: test_clears_guides_when_no_snap
PASS: test_guide_count_bounded
PASS: test_dedupe_collinear_guides
PASS: test_effective_snap_prefers_guide_when_present
PASS: test_effective_snap_falls_back_when_no_guide
PASS: test_effective_snap_nearest_guide_tiebreak
PASS: test_line_commit_prefers_explicit_endpoint_over_guide
PASS: test_overlap_axis_crossing_deterministic
PASS: test_overlap_point_beats_intersection
PASS: test_overlap_endpoint_beats_intersection_colocated
PASS: test_overlap_repeated_runs_same_winner
PASS: test_parity_no_guide_overlap
PASS: test_parity_guide_adjacent_to_overlap
PASS: test_parity_findBestSnap_stable_across_calls
PASS: test_ambiguity_hook_api
56/56 tests passed
---- run 19 ----
PASS: test_vertex_snap
PASS: test_hinttext_vertex_snap
PASS: test_endpoint_snap
PASS: test_hinttext_endpoint_snap
PASS: test_midpoint_snap
PASS: test_hinttext_midpoint_snap
PASS: test_center_snap
PASS: test_hinttext_center_snap
PASS: test_quadrant_snap
PASS: test_intersection_snap
PASS: test_oncurve_snap
PASS: test_ellipse_center_snap
PASS: test_ellipse_quadrant_snap
PASS: test_ellipse_oncurve_snap
PASS: test_ellipse_line_intersection
PASS: test_ellipse_quadrant_rotated
PASS: test_grid_snap
PASS: test_hinttext_grid_snap
PASS: test_perpendicular_snap_line
PASS: test_perpendicular_snap_circle
PASS: test_perpendicular_snap_arc
PASS: test_perpendicular_guide_metadata
PASS: test_tangent_snap_circle
PASS: test_tangent_snap_arc
PASS: test_tangent_guide_metadata
PASS: test_horizontal_alignment_snap
PASS: test_vertical_alignment_snap
PASS: test_extension_snap_line
PASS: test_extension_snap_no_arc
PASS: test_angular_snap_15deg_rounding
PASS: test_angular_snap_45deg_exact
PASS: test_angular_snap_50deg_reference
PASS: test_angular_snap_no_reference
PASS: test_toggle_suppression
PASS: test_all_snap_types_combined
PASS: test_priority_order
PASS: test_spatial_hash_after_geometry_move
PASS: test_spatial_hash_equivalent_to_bruteforce
PASS: test_preserves_guides_when_vertex_wins
PASS: test_perpendicular_guide_nonzero_length
PASS: test_tangent_guide_nonzero_length
PASS: test_clears_guides_when_no_snap
PASS: test_guide_count_bounded
PASS: test_dedupe_collinear_guides
PASS: test_effective_snap_prefers_guide_when_present
PASS: test_effective_snap_falls_back_when_no_guide
PASS: test_effective_snap_nearest_guide_tiebreak
PASS: test_line_commit_prefers_explicit_endpoint_over_guide
PASS: test_overlap_axis_crossing_deterministic
PASS: test_overlap_point_beats_intersection
PASS: test_overlap_endpoint_beats_intersection_colocated
PASS: test_overlap_repeated_runs_same_winner
PASS: test_parity_no_guide_overlap
PASS: test_parity_guide_adjacent_to_overlap
PASS: test_parity_findBestSnap_stable_across_calls
PASS: test_ambiguity_hook_api
56/56 tests passed
---- run 20 ----
PASS: test_vertex_snap
PASS: test_hinttext_vertex_snap
PASS: test_endpoint_snap
PASS: test_hinttext_endpoint_snap
PASS: test_midpoint_snap
PASS: test_hinttext_midpoint_snap
PASS: test_center_snap
PASS: test_hinttext_center_snap
PASS: test_quadrant_snap
PASS: test_intersection_snap
PASS: test_oncurve_snap
PASS: test_ellipse_center_snap
PASS: test_ellipse_quadrant_snap
PASS: test_ellipse_oncurve_snap
PASS: test_ellipse_line_intersection
PASS: test_ellipse_quadrant_rotated
PASS: test_grid_snap
PASS: test_hinttext_grid_snap
PASS: test_perpendicular_snap_line
PASS: test_perpendicular_snap_circle
PASS: test_perpendicular_snap_arc
PASS: test_perpendicular_guide_metadata
PASS: test_tangent_snap_circle
PASS: test_tangent_snap_arc
PASS: test_tangent_guide_metadata
PASS: test_horizontal_alignment_snap
PASS: test_vertical_alignment_snap
PASS: test_extension_snap_line
PASS: test_extension_snap_no_arc
PASS: test_angular_snap_15deg_rounding
PASS: test_angular_snap_45deg_exact
PASS: test_angular_snap_50deg_reference
PASS: test_angular_snap_no_reference
PASS: test_toggle_suppression
PASS: test_all_snap_types_combined
PASS: test_priority_order
PASS: test_spatial_hash_after_geometry_move
PASS: test_spatial_hash_equivalent_to_bruteforce
PASS: test_preserves_guides_when_vertex_wins
PASS: test_perpendicular_guide_nonzero_length
PASS: test_tangent_guide_nonzero_length
PASS: test_clears_guides_when_no_snap
PASS: test_guide_count_bounded
PASS: test_dedupe_collinear_guides
PASS: test_effective_snap_prefers_guide_when_present
PASS: test_effective_snap_falls_back_when_no_guide
PASS: test_effective_snap_nearest_guide_tiebreak
PASS: test_line_commit_prefers_explicit_endpoint_over_guide
PASS: test_overlap_axis_crossing_deterministic
PASS: test_overlap_point_beats_intersection
PASS: test_overlap_endpoint_beats_intersection_colocated
PASS: test_overlap_repeated_runs_same_winner
PASS: test_parity_no_guide_overlap
PASS: test_parity_guide_adjacent_to_overlap
PASS: test_parity_findBestSnap_stable_across_calls
PASS: test_ambiguity_hook_api
56/56 tests passed
